Nov 03 10:21:17.18
GET
500
rail-serve-8rcl12lg9-test746746-2729s-projects.vercel.app
/favicon.png
INFO:root:Instance directory ready: /var/task/instance ERROR:root:Cannot create/write to SQLite database: [Errno 30] Read-only file system: '/var/task/instance/local_railway.db' ERROR:root:Filesystem may be read-only. PostgreSQL is required for this environment. Traceback (most recent call last): File "/var/task/src/app.py", line 48, in setup_sqlite_database with open(db_path, 'a'): ^^^^^^^^^^^^^^^^^^ OSError: [Errno 30] Read-only file system: '/var/task/instance/local_railway.db' During handling of the above exception, another exception occurred: Traceback (most recent call last): File "/var/task/vc__handler__python.py", line 38, in <module> __vc_spec.loader.exec_module(__vc_module) File "<frozen importlib._bootstrap_external>", line 999, in exec_module File "<frozen importlib._bootstrap>", line 488, in _call_with_frames_removed File "/var/task/main.py", line 18, in <module> from src.app import app, db File "/var/task/src/app.py", line 80, in <module> database_url = setup_sqlite_database() ^^^^^^^^^^^^^^^^^^^^^^^ File "/var/task/src/app.py", line 56, in setup_sqlite_database raise RuntimeError(f"Cannot setup writable SQLite database: {e}. Please configure DATABASE_URL with PostgreSQL.") RuntimeError: Cannot setup writable SQLite database: [Errno 30] Read-only file system: '/var/task/instance/local_railway.db'. Please configure DATABASE_URL with PostgreSQL. Python process exited with exit status: 1. The logs above can help with debugging the issue.
Nov 03 10:21:12.92
GET
500
rail-serve-8rcl12lg9-test746746-2729s-projects.vercel.app
/favicon.png
INFO:root:Instance directory ready: /var/task/instance ERROR:root:Cannot create/write to SQLite database: [Errno 30] Read-only file system: '/var/task/instance/local_railway.db' ERROR:root:Filesystem may be read-only. PostgreSQL is required for this environment. Traceback (most recent call last): File "/var/task/src/app.py", line 48, in setup_sqlite_database with open(db_path, 'a'): ^^^^^^^^^^^^^^^^^^ OSError: [Errno 30] Read-only file system: '/var/task/instance/local_railway.db' During handling of the above exception, another exception occurred: Traceback (most recent call last): File "/var/task/vc__handler__python.py", line 38, in <module> __vc_spec.loader.exec_module(__vc_module) File "<frozen importlib._bootstrap_external>", line 999, in exec_module File "<frozen importlib._bootstrap>", line 488, in _call_with_frames_removed File "/var/task/main.py", line 18, in <module> from src.app import app, db File "/var/task/src/app.py", line 80, in <module> database_url = setup_sqlite_database() ^^^^^^^^^^^^^^^^^^^^^^^ File "/var/task/src/app.py", line 56, in setup_sqlite_database raise RuntimeError(f"Cannot setup writable SQLite database: {e}. Please configure DATABASE_URL with PostgreSQL.") RuntimeError: Cannot setup writable SQLite database: [Errno 30] Read-only file system: '/var/task/instance/local_railway.db'. Please configure DATABASE_URL with PostgreSQL. Python process exited with exit status: 1. The logs above can help with debugging the issue.
Nov 03 10:21:09.54
GET
500
rail-serve-8rcl12lg9-test746746-2729s-projects.vercel.app
/favicon.png
INFO:root:Instance directory ready: /var/task/instance ERROR:root:Cannot create/write to SQLite database: [Errno 30] Read-only file system: '/var/task/instance/local_railway.db' ERROR:root:Filesystem may be read-only. PostgreSQL is required for this environment. Traceback (most recent call last): File "/var/task/src/app.py", line 48, in setup_sqlite_database with open(db_path, 'a'): ^^^^^^^^^^^^^^^^^^ OSError: [Errno 30] Read-only file system: '/var/task/instance/local_railway.db' During handling of the above exception, another exception occurred: Traceback (most recent call last): File "/var/task/vc__handler__python.py", line 38, in <module> __vc_spec.loader.exec_module(__vc_module) File "<frozen importlib._bootstrap_external>", line 999, in exec_module File "<frozen importlib._bootstrap>", line 488, in _call_with_frames_removed File "/var/task/main.py", line 18, in <module> from src.app import app, db File "/var/task/src/app.py", line 80, in <module> database_url = setup_sqlite_database() ^^^^^^^^^^^^^^^^^^^^^^^ File "/var/task/src/app.py", line 56, in setup_sqlite_database raise RuntimeError(f"Cannot setup writable SQLite database: {e}. Please configure DATABASE_URL with PostgreSQL.") RuntimeError: Cannot setup writable SQLite database: [Errno 30] Read-only file system: '/var/task/instance/local_railway.db'. Please configure DATABASE_URL with PostgreSQL. Python process exited with exit status: 1. The logs above can help with debugging the issue.
Live Mode
Nov 03 10:21:07.02
GET
500
rail-serve-8rcl12lg9-test746746-2729s-projects.vercel.app
/favicon.ico
INFO:root:Instance directory ready: /var/task/instance ERROR:root:Cannot create/write to SQLite database: [Errno 30] Read-only file system: '/var/task/instance/local_railway.db' ERROR:root:Filesystem may be read-only. PostgreSQL is required for this environment. Traceback (most recent call last): File "/var/task/src/app.py", line 48, in setup_sqlite_database with open(db_path, 'a'): ^^^^^^^^^^^^^^^^^^ OSError: [Errno 30] Read-only file system: '/var/task/instance/local_railway.db' During handling of the above exception, another exception occurred: Traceback (most recent call last): File "/var/task/vc__handler__python.py", line 38, in <module> __vc_spec.loader.exec_module(__vc_module) File "<frozen importlib._bootstrap_external>", line 999, in exec_module File "<frozen importlib._bootstrap>", line 488, in _call_with_frames_removed File "/var/task/main.py", line 18, in <module> from src.app import app, db File "/var/task/src/app.py", line 80, in <module> database_url = setup_sqlite_database() ^^^^^^^^^^^^^^^^^^^^^^^ File "/var/task/src/app.py", line 56, in setup_sqlite_database raise RuntimeError(f"Cannot setup writable SQLite database: {e}. Please configure DATABASE_URL with PostgreSQL.") RuntimeError: Cannot setup writable SQLite database: [Errno 30] Read-only file system: '/var/task/instance/local_railway.db'. Please configure DATABASE_URL with PostgreSQL. Python process exited with exit status: 1. The logs above can help with debugging the issue.
Nov 03 10:21:02.59
GET
500
rail-serve-8rcl12lg9-test746746-2729s-projects.vercel.app
/favicon.ico
INFO:root:Instance directory ready: /var/task/instance ERROR:root:Cannot create/write to SQLite database: [Errno 30] Read-only file system: '/var/task/instance/local_railway.db' ERROR:root:Filesystem may be read-only. PostgreSQL is required for this environment. Traceback (most recent call last): File "/var/task/src/app.py", line 48, in setup_sqlite_database with open(db_path, 'a'): ^^^^^^^^^^^^^^^^^^ OSError: [Errno 30] Read-only file system: '/var/task/instance/local_railway.db' During handling of the above exception, another exception occurred: Traceback (most recent call last): File "/var/task/vc__handler__python.py", line 38, in <module> __vc_spec.loader.exec_module(__vc_module) File "<frozen importlib._bootstrap_external>", line 999, in exec_module File "<frozen importlib._bootstrap>", line 488, in _call_with_frames_removed File "/var/task/main.py", line 18, in <module> from src.app import app, db File "/var/task/src/app.py", line 80, in <module> database_url = setup_sqlite_database() ^^^^^^^^^^^^^^^^^^^^^^^ File "/var/task/src/app.py", line 56, in setup_sqlite_database raise RuntimeError(f"Cannot setup writable SQLite database: {e}. Please configure DATABASE_URL with PostgreSQL.") RuntimeError: Cannot setup writable SQLite database: [Errno 30] Read-only file system: '/var/task/instance/local_railway.db'. Please configure DATABASE_URL with PostgreSQL. Python process exited with exit status: 1. The logs above can help with debugging the issue.
Nov 03 10:20:59.09
GET
500
rail-serve-8rcl12lg9-test746746-2729s-projects.vercel.app
/favicon.ico
INFO:root:Instance directory ready: /var/task/instance ERROR:root:Cannot create/write to SQLite database: [Errno 30] Read-only file system: '/var/task/instance/local_railway.db' ERROR:root:Filesystem may be read-only. PostgreSQL is required for this environment. Traceback (most recent call last): File "/var/task/src/app.py", line 48, in setup_sqlite_database with open(db_path, 'a'): ^^^^^^^^^^^^^^^^^^ OSError: [Errno 30] Read-only file system: '/var/task/instance/local_railway.db' During handling of the above exception, another exception occurred: Traceback (most recent call last): File "/var/task/vc__handler__python.py", line 38, in <module> __vc_spec.loader.exec_module(__vc_module) File "<frozen importlib._bootstrap_external>", line 999, in exec_module File "<frozen importlib._bootstrap>", line 488, in _call_with_frames_removed File "/var/task/main.py", line 18, in <module> from src.app import app, db File "/var/task/src/app.py", line 80, in <module> database_url = setup_sqlite_database() ^^^^^^^^^^^^^^^^^^^^^^^ File "/var/task/src/app.py", line 56, in setup_sqlite_database raise RuntimeError(f"Cannot setup writable SQLite database: {e}. Please configure DATABASE_URL with PostgreSQL.") RuntimeError: Cannot setup writable SQLite database: [Errno 30] Read-only file system: '/var/task/instance/local_railway.db'. Please configure DATABASE_URL with PostgreSQL. Python process exited with exit status: 1. The logs above can help with debugging the issue.
Nov 03 10:20:56.82
GET
---
rail-serve-8rcl12lg9-test746746-2729s-projects.vercel.app
/
INFO:root:Instance directory ready: /var/task/instance ERROR:root:Cannot create/write to SQLite database: [Errno 30] Read-only file system: '/var/task/instance/local_railway.db' ERROR:root:Filesystem may be read-only. PostgreSQL is required for this environment. Traceback (most recent call last): File "/var/task/src/app.py", line 48, in setup_sqlite_database with open(db_path, 'a'): ^^^^^^^^^^^^^^^^^^ OSError: [Errno 30] Read-only file system: '/var/task/instance/local_railway.db' During handling of the above exception, another exception occurred: Traceback (most recent call last): File "/var/task/vc__handler__python.py", line 38, in <module> __vc_spec.loader.exec_module(__vc_module) File "<frozen importlib._bootstrap_external>", line 999, in exec_module File "<frozen importlib._bootstrap>", line 488, in _call_with_frames_removed File "/var/task/main.py", line 18, in <module> from src.app import app, db File "/var/task/src/app.py", line 80, in <module> database_url = setup_sqlite_database() ^^^^^^^^^^^^^^^^^^^^^^^ File "/var/task/src/app.py", line 56, in setup_sqlite_database raise RuntimeError(f"Cannot setup writable SQLite database: {e}. Please configure DATABASE_URL with PostgreSQL.") RuntimeError: Cannot setup writable SQLite database: [Errno 30] Read-only file system: '/var/task/instance/local_railway.db'. Please configure DATABASE_URL with PostgreSQL. Python process exited with exit status: 1. The logs above can help with debugging the issue.
Nov 03 10:20:53.49
GET
500
rail-serve-8rcl12lg9-test746746-2729s-projects.vercel.app
/
INFO:root:Instance directory ready: /var/task/instance ERROR:root:Cannot create/write to SQLite database: [Errno 30] Read-only file system: '/var/task/instance/local_railway.db' ERROR:root:Filesystem may be read-only. PostgreSQL is required for this environment. Traceback (most recent call last): File "/var/task/src/app.py", line 48, in setup_sqlite_database with open(db_path, 'a'): ^^^^^^^^^^^^^^^^^^ OSError: [Errno 30] Read-only file system: '/var/task/instance/local_railway.db' During handling of the above exception, another exception occurred: Traceback (most recent call last): File "/var/task/vc__handler__python.py", line 38, in <module> __vc_spec.loader.exec_module(__vc_module) File "<frozen importlib._bootstrap_external>", line 999, in exec_module File "<frozen importlib._bootstrap>", line 488, in _call_with_frames_removed File "/var/task/main.py", line 18, in <module> from src.app import app, db File "/var/task/src/app.py", line 80, in <module> database_url = setup_sqlite_database() ^^^^^^^^^^^^^^^^^^^^^^^ File "/var/task/src/app.py", line 56, in setup_sqlite_database raise RuntimeError(f"Cannot setup writable SQLite database: {e}. Please configure DATABASE_URL with PostgreSQL.") RuntimeError: Cannot setup writable SQLite database: [Errno 30] Read-only file system: '/var/task/instance/local_railway.db'. Please configure DATABASE_URL with PostgreSQL. Python process exited with exit status: 1. The logs above can help with debugging the issue.
Nov 03 10:19:59.57
GET
500
rail-serve-8rcl12lg9-test746746-2729s-projects.vercel.app
/favicon.ico
INFO:root:Instance directory ready: /var/task/instance ERROR:root:Cannot create/write to SQLite database: [Errno 30] Read-only file system: '/var/task/instance/local_railway.db' ERROR:root:Filesystem may be read-only. PostgreSQL is required for this environment. Traceback (most recent call last): File "/var/task/src/app.py", line 48, in setup_sqlite_database with open(db_path, 'a'): ^^^^^^^^^^^^^^^^^^ OSError: [Errno 30] Read-only file system: '/var/task/instance/local_railway.db' During handling of the above exception, another exception occurred: Traceback (most recent call last): File "/var/task/vc__handler__python.py", line 38, in <module> __vc_spec.loader.exec_module(__vc_module) File "<frozen importlib._bootstrap_external>", line 999, in exec_module File "<frozen importlib._bootstrap>", line 488, in _call_with_frames_removed File "/var/task/main.py", line 18, in <module> from src.app import app, db File "/var/task/src/app.py", line 80, in <module> database_url = setup_sqlite_database() ^^^^^^^^^^^^^^^^^^^^^^^ File "/var/task/src/app.py", line 56, in setup_sqlite_database raise RuntimeError(f"Cannot setup writable SQLite database: {e}. Please configure DATABASE_URL with PostgreSQL.") RuntimeError: Cannot setup writable SQLite database: [Errno 30] Read-only file system: '/var/task/instance/local_railway.db'. Please configure DATABASE_URL with PostgreSQL. Python process exited with exit status: 1. The logs above can help with debugging the issue.
Nov 03 10:19:58.33
GET
500
rail-serve-8rcl12lg9-test746746-2729s-projects.vercel.app
/favicon.ico
INFO:root:Instance directory ready: /var/task/instance ERROR:root:Cannot create/write to SQLite database: [Errno 30] Read-only file system: '/var/task/instance/local_railway.db' ERROR:root:Filesystem may be read-only. PostgreSQL is required for this environment. Traceback (most recent call last): File "/var/task/src/app.py", line 48, in setup_sqlite_database with open(db_path, 'a'): ^^^^^^^^^^^^^^^^^^ OSError: [Errno 30] Read-only file system: '/var/task/instance/local_railway.db' During handling of the above exception, another exception occurred: Traceback (most recent call last): File "/var/task/vc__handler__python.py", line 38, in <module> __vc_spec.loader.exec_module(__vc_module) File "<frozen importlib._bootstrap_external>", line 999, in exec_module File "<frozen importlib._bootstrap>", line 488, in _call_with_frames_removed File "/var/task/main.py", line 18, in <module> from src.app import app, db File "/var/task/src/app.py", line 80, in <module> database_url = setup_sqlite_database() ^^^^^^^^^^^^^^^^^^^^^^^ File "/var/task/src/app.py", line 56, in setup_sqlite_database raise RuntimeError(f"Cannot setup writable SQLite database: {e}. Please configure DATABASE_URL with PostgreSQL.") RuntimeError: Cannot setup writable SQLite database: [Errno 30] Read-only file system: '/var/task/instance/local_railway.db'. Please configure DATABASE_URL with PostgreSQL. Python process exited with exit status: 1. The logs above can help with debugging the issue.
Nov 03 10:19:56.89
GET
500
rail-serve-8rcl12lg9-test746746-2729s-projects.vercel.app
/
INFO:root:Instance directory ready: /var/task/instance ERROR:root:Cannot create/write to SQLite database: [Errno 30] Read-only file system: '/var/task/instance/local_railway.db' ERROR:root:Filesystem may be read-only. PostgreSQL is required for this environment. Traceback (most recent call last): File "/var/task/src/app.py", line 48, in setup_sqlite_database with open(db_path, 'a'): ^^^^^^^^^^^^^^^^^^ OSError: [Errno 30] Read-only file system: '/var/task/instance/local_railway.db' During handling of the above exception, another exception occurred: Traceback (most recent call last): File "/var/task/vc__handler__python.py", line 38, in <module> __vc_spec.loader.exec_module(__vc_module) File "<frozen importlib._bootstrap_external>", line 999, in exec_module File "<frozen importlib._bootstrap>", line 488, in _call_with_frames_removed File "/var/task/main.py", line 18, in <module> from src.app import app, db File "/var/task/src/app.py", line 80, in <module> database_url = setup_sqlite_database() ^^^^^^^^^^^^^^^^^^^^^^^ File "/var/task/src/app.py", line 56, in setup_sqlite_database raise RuntimeError(f"Cannot setup writable SQLite database: {e}. Please configure DATABASE_URL with PostgreSQL.") RuntimeError: Cannot setup writable SQLite database: [Errno 30] Read-only file system: '/var/task/instance/local_railway.db'. Please configure DATABASE_URL with PostgreSQL. Python process exited with exit status: 1. The logs above can help with debugging the issue.
Nov 03 10:19:56.86
GET
307
rail-serve-8rcl12lg9-test746746-2729s-projects.vercel.app
/
Nov 03 10:19:55.30
GET
401
rail-serve-8rcl12lg9-test746746-2729s-projects.vercel.app
/
Nov 03 10:19:54.25
GET
500
rail-serve-8rcl12lg9-test746746-2729s-projects.vercel.app
/favicon.ico
INFO:root:Instance directory ready: /var/task/instance ERROR:root:Cannot create/write to SQLite database: [Errno 30] Read-only file system: '/var/task/instance/local_railway.db' ERROR:root:Filesystem may be read-only. PostgreSQL is required for this environment. Traceback (most recent call last): File "/var/task/src/app.py", line 48, in setup_sqlite_database with open(db_path, 'a'): ^^^^^^^^^^^^^^^^^^ OSError: [Errno 30] Read-only file system: '/var/task/instance/local_railway.db' During handling of the above exception, another exception occurred: Traceback (most recent call last): File "/var/task/vc__handler__python.py", line 38, in <module> __vc_spec.loader.exec_module(__vc_module) File "<frozen importlib._bootstrap_external>", line 999, in exec_module File "<frozen importlib._bootstrap>", line 488, in _call_with_frames_removed File "/var/task/main.py", line 18, in <module> from src.app import app, db File "/var/task/src/app.py", line 80, in <module> database_url = setup_sqlite_database() ^^^^^^^^^^^^^^^^^^^^^^^ File "/var/task/src/app.py", line 56, in setup_sqlite_database raise RuntimeError(f"Cannot setup writable SQLite database: {e}. Please configure DATABASE_URL with PostgreSQL.") RuntimeError: Cannot setup writable SQLite database: [Errno 30] Read-only file system: '/var/task/instance/local_railway.db'. Please configure DATABASE_URL with PostgreSQL. Python process exited with exit status: 1. The logs above can help with debugging the issue.
Nov 03 10:19:51.23
GET
500
rail-serve-8rcl12lg9-test746746-2729s-projects.vercel.app
/favicon.ico
INFO:root:Instance directory ready: /var/task/instance ERROR:root:Cannot create/write to SQLite database: [Errno 30] Read-only file system: '/var/task/instance/local_railway.db' ERROR:root:Filesystem may be read-only. PostgreSQL is required for this environment. Traceback (most recent call last): File "/var/task/src/app.py", line 48, in setup_sqlite_database with open(db_path, 'a'): ^^^^^^^^^^^^^^^^^^ OSError: [Errno 30] Read-only file system: '/var/task/instance/local_railway.db' During handling of the above exception, another exception occurred: Traceback (most recent call last): File "/var/task/vc__handler__python.py", line 38, in <module> __vc_spec.loader.exec_module(__vc_module) File "<frozen importlib._bootstrap_external>", line 999, in exec_module File "<frozen importlib._bootstrap>", line 488, in _call_with_frames_removed File "/var/task/main.py", line 18, in <module> from src.app import app, db File "/var/task/src/app.py", line 80, in <module> database_url = setup_sqlite_database() ^^^^^^^^^^^^^^^^^^^^^^^ File "/var/task/src/app.py", line 56, in setup_sqlite_database raise RuntimeError(f"Cannot setup writable SQLite database: {e}. Please configure DATABASE_URL with PostgreSQL.") RuntimeError: Cannot setup writable SQLite database: [Errno 30] Read-only file system: '/var/task/instance/local_railway.db'. Please configure DATABASE_URL with PostgreSQL. Python process exited with exit status: 1. The logs above can help with debugging the issue.
Nov 03 10:19:50.16
GET
500
rail-serve-8rcl12lg9-test746746-2729s-projects.vercel.app
/favicon.ico
INFO:root:Instance directory ready: /var/task/instance ERROR:root:Cannot create/write to SQLite database: [Errno 30] Read-only file system: '/var/task/instance/local_railway.db' ERROR:root:Filesystem may be read-only. PostgreSQL is required for this environment. Traceback (most recent call last): File "/var/task/src/app.py", line 48, in setup_sqlite_database with open(db_path, 'a'): ^^^^^^^^^^^^^^^^^^ OSError: [Errno 30] Read-only file system: '/var/task/instance/local_railway.db' During handling of the above exception, another exception occurred: Traceback (most recent call last): File "/var/task/vc__handler__python.py", line 38, in <module> __vc_spec.loader.exec_module(__vc_module) File "<frozen importlib._bootstrap_external>", line 999, in exec_module File "<frozen importlib._bootstrap>", line 488, in _call_with_frames_removed File "/var/task/main.py", line 18, in <module> from src.app import app, db File "/var/task/src/app.py", line 80, in <module> database_url = setup_sqlite_database() ^^^^^^^^^^^^^^^^^^^^^^^ File "/var/task/src/app.py", line 56, in setup_sqlite_database raise RuntimeError(f"Cannot setup writable SQLite database: {e}. Please configure DATABASE_URL with PostgreSQL.") RuntimeError: Cannot setup writable SQLite database: [Errno 30] Read-only file system: '/var/task/instance/local_railway.db'. Please configure DATABASE_URL with PostgreSQL. Python process exited with exit status: 1. The logs above can help with debugging the issue.
Nov 03 10:19:49.93
GET
500
rail-serve-8rcl12lg9-test746746-2729s-projects.vercel.app
/favicon.ico
INFO:root:Instance directory ready: /var/task/instance ERROR:root:Cannot create/write to SQLite database: [Errno 30] Read-only file system: '/var/task/instance/local_railway.db' ERROR:root:Filesystem may be read-only. PostgreSQL is required for this environment. Traceback (most recent call last): File "/var/task/src/app.py", line 48, in setup_sqlite_database with open(db_path, 'a'): ^^^^^^^^^^^^^^^^^^ OSError: [Errno 30] Read-only file system: '/var/task/instance/local_railway.db' During handling of the above exception, another exception occurred: Traceback (most recent call last): File "/var/task/vc__handler__python.py", line 38, in <module> __vc_spec.loader.exec_module(__vc_module) File "<frozen importlib._bootstrap_external>", line 999, in exec_module File "<frozen importlib._bootstrap>", line 488, in _call_with_frames_removed File "/var/task/main.py", line 18, in <module> from src.app import app, db File "/var/task/src/app.py", line 80, in <module> database_url = setup_sqlite_database() ^^^^^^^^^^^^^^^^^^^^^^^ File "/var/task/src/app.py", line 56, in setup_sqlite_database raise RuntimeError(f"Cannot setup writable SQLite database: {e}. Please configure DATABASE_URL with PostgreSQL.") RuntimeError: Cannot setup writable SQLite database: [Errno 30] Read-only file system: '/var/task/instance/local_railway.db'. Please configure DATABASE_URL with PostgreSQL. Python process exited with exit status: 1. The logs above can help with debugging the issue.
Nov 03 10:19:48.97
GET
500
rail-serve-8rcl12lg9-test746746-2729s-projects.vercel.app
/
INFO:root:Instance directory ready: /var/task/instance ERROR:root:Cannot create/write to SQLite database: [Errno 30] Read-only file system: '/var/task/instance/local_railway.db' ERROR:root:Filesystem may be read-only. PostgreSQL is required for this environment. Traceback (most recent call last): File "/var/task/src/app.py", line 48, in setup_sqlite_database with open(db_path, 'a'): ^^^^^^^^^^^^^^^^^^ OSError: [Errno 30] Read-only file system: '/var/task/instance/local_railway.db' During handling of the above exception, another exception occurred: Traceback (most recent call last): File "/var/task/vc__handler__python.py", line 38, in <module> __vc_spec.loader.exec_module(__vc_module) File "<frozen importlib._bootstrap_external>", line 999, in exec_module File "<frozen importlib._bootstrap>", line 488, in _call_with_frames_removed File "/var/task/main.py", line 18, in <module> from src.app import app, db File "/var/task/src/app.py", line 80, in <module> database_url = setup_sqlite_database() ^^^^^^^^^^^^^^^^^^^^^^^ File "/var/task/src/app.py", line 56, in setup_sqlite_database raise RuntimeError(f"Cannot setup writable SQLite database: {e}. Please configure DATABASE_URL with PostgreSQL.") RuntimeError: Cannot setup writable SQLite database: [Errno 30] Read-only file system: '/var/task/instance/local_railway.db'. Please configure DATABASE_URL with PostgreSQL. Python process exited with exit status: 1. The logs above can help with debugging the issue.
Nov 03 10:19:48.16
GET
500
rail-serve-8rcl12lg9-test746746-2729s-projects.vercel.app
/
INFO:root:Instance directory ready: /var/task/instance ERROR:root:Cannot create/write to SQLite database: [Errno 30] Read-only file system: '/var/task/instance/local_railway.db' ERROR:root:Filesystem may be read-only. PostgreSQL is required for this environment. Traceback (most recent call last): File "/var/task/src/app.py", line 48, in setup_sqlite_database with open(db_path, 'a'): ^^^^^^^^^^^^^^^^^^ OSError: [Errno 30] Read-only file system: '/var/task/instance/local_railway.db' During handling of the above exception, another exception occurred: Traceback (most recent call last): File "/var/task/vc__handler__python.py", line 38, in <module> __vc_spec.loader.exec_module(__vc_module) File "<frozen importlib._bootstrap_external>", line 999, in exec_module File "<frozen importlib._bootstrap>", line 488, in _call_with_frames_removed File "/var/task/main.py", line 18, in <module> from src.app import app, db File "/var/task/src/app.py", line 80, in <module> database_url = setup_sqlite_database() ^^^^^^^^^^^^^^^^^^^^^^^ File "/var/task/src/app.py", line 56, in setup_sqlite_database raise RuntimeError(f"Cannot setup writable SQLite database: {e}. Please configure DATABASE_URL with PostgreSQL.") RuntimeError: Cannot setup writable SQLite database: [Errno 30] Read-only file system: '/var/task/instance/local_railway.db'. Please configure DATABASE_URL with PostgreSQL. Python process exited with exit status: 1. The logs above can help with debugging the issue.
Nov 03 10:19:47.94
GET
500
rail-serve-8rcl12lg9-test746746-2729s-projects.vercel.app
/
INFO:root:Instance directory ready: /var/task/instance ERROR:root:Cannot create/write to SQLite database: [Errno 30] Read-only file system: '/var/task/instance/local_railway.db' ERROR:root:Filesystem may be read-only. PostgreSQL is required for this environment. Traceback (most recent call last): File "/var/task/src/app.py", line 48, in setup_sqlite_database with open(db_path, 'a'): ^^^^^^^^^^^^^^^^^^ OSError: [Errno 30] Read-only file system: '/var/task/instance/local_railway.db' During handling of the above exception, another exception occurred: Traceback (most recent call last): File "/var/task/vc__handler__python.py", line 38, in <module> __vc_spec.loader.exec_module(__vc_module) File "<frozen importlib._bootstrap_external>", line 999, in exec_module File "<frozen importlib._bootstrap>", line 488, in _call_with_frames_removed File "/var/task/main.py", line 18, in <module> from src.app import app, db File "/var/task/src/app.py", line 80, in <module> database_url = setup_sqlite_database() ^^^^^^^^^^^^^^^^^^^^^^^ File "/var/task/src/app.py", line 56, in setup_sqlite_database raise RuntimeError(f"Cannot setup writable SQLite database: {e}. Please configure DATABASE_URL with PostgreSQL.") RuntimeError: Cannot setup writable SQLite database: [Errno 30] Read-only file system: '/var/task/instance/local_railway.db'. Please configure DATABASE_URL with PostgreSQL. Python process exited with exit status: 1. The logs above can help with debugging the issue.
Nov 03 10:19:45.87
GET
500
rail-serve-8rcl12lg9-test746746-2729s-projects.vercel.app
/
INFO:root:Instance directory ready: /var/task/instance ERROR:root:Cannot create/write to SQLite database: [Errno 30] Read-only file system: '/var/task/instance/local_railway.db' ERROR:root:Filesystem may be read-only. PostgreSQL is required for this environment. Traceback (most recent call last): File "/var/task/src/app.py", line 48, in setup_sqlite_database with open(db_path, 'a'): ^^^^^^^^^^^^^^^^^^ OSError: [Errno 30] Read-only file system: '/var/task/instance/local_railway.db' During handling of the above exception, another exception occurred: Traceback (most recent call last): File "/var/task/vc__handler__python.py", line 38, in <module> __vc_spec.loader.exec_module(__vc_module) File "<frozen importlib._bootstrap_external>", line 999, in exec_module File "<frozen importlib._bootstrap>", line 488, in _call_with_frames_removed File "/var/task/main.py", line 18, in <module> from src.app import app, db File "/var/task/src/app.py", line 80, in <module> database_url = setup_sqlite_database() ^^^^^^^^^^^^^^^^^^^^^^^ File "/var/task/src/app.py", line 56, in setup_sqlite_database raise RuntimeError(f"Cannot setup writable SQLite database: {e}. Please configure DATABASE_URL with PostgreSQL.") RuntimeError: Cannot setup writable SQLite database: [Errno 30] Read-only file system: '/var/task/instance/local_railway.db'. Please configure DATABASE_URL with PostgreSQL. Python process exited with exit status: 1. The logs above can help with debugging the issue.
Nov 03 10:19:45.81
GET
500
rail-serve-8rcl12lg9-test746746-2729s-projects.vercel.app
/
INFO:root:Instance directory ready: /var/task/instance ERROR:root:Cannot create/write to SQLite database: [Errno 30] Read-only file system: '/var/task/instance/local_railway.db' ERROR:root:Filesystem may be read-only. PostgreSQL is required for this environment. Traceback (most recent call last): File "/var/task/src/app.py", line 48, in setup_sqlite_database with open(db_path, 'a'): ^^^^^^^^^^^^^^^^^^ OSError: [Errno 30] Read-only file system: '/var/task/instance/local_railway.db' During handling of the above exception, another exception occurred: Traceback (most recent call last): File "/var/task/vc__handler__python.py", line 38, in <module> __vc_spec.loader.exec_module(__vc_module) File "<frozen importlib._bootstrap_external>", line 999, in exec_module File "<frozen importlib._bootstrap>", line 488, in _call_with_frames_removed File "/var/task/main.py", line 18, in <module> from src.app import app, db File "/var/task/src/app.py", line 80, in <module> database_url = setup_sqlite_database() ^^^^^^^^^^^^^^^^^^^^^^^ File "/var/task/src/app.py", line 56, in setup_sqlite_database raise RuntimeError(f"Cannot setup writable SQLite database: {e}. Please configure DATABASE_URL with PostgreSQL.") RuntimeError: Cannot setup writable SQLite database: [Errno 30] Read-only file system: '/var/task/instance/local_railway.db'. Please configure DATABASE_URL with PostgreSQL. Python process exited with exit status: 1. The logs above can help with debugging the issue. INFO:root:Instance directory ready: /var/task/instance ERROR:root:Cannot create/write to SQLite database: [Errno 30] Read-only file system: '/var/task/instance/local_railway.db' ERROR:root:Filesystem may be read-only. PostgreSQL is required for this environment. Traceback (most recent call last): File "/var/task/src/app.py", line 48, in setup_sqlite_database with open(db_path, 'a'): ^^^^^^^^^^^^^^^^^^ OSError: [Errno 30] Read-only file system: '/var/task/instance/local_railway.db' During handling of the above exception, another exception occurred: Traceback (most recent call last): File "/var/task/vc__handler__python.py", line 38, in <module> __vc_spec.loader.exec_module(__vc_module) File "<frozen importlib._bootstrap_external>", line 999, in exec_module File "<frozen importlib._bootstrap>", line 488, in _call_with_frames_removed File "/var/task/main.py", line 18, in <module> from src.app import app, db File "/var/task/src/app.py", line 80, in <module> database_url = setup_sqlite_database() ^^^^^^^^^^^^^^^^^^^^^^^ File "/var/task/src/app.py", line 56, in setup_sqlite_database raise RuntimeError(f"Cannot setup writable SQLite database: {e}. Please configure DATABASE_URL with PostgreSQL.") RuntimeError: Cannot setup writable SQLite database: [Errno 30] Read-only file system: '/var/task/instance/local_railway.db'. Please configure DATABASE_URL with PostgreSQL. Python process exited with exit status: 1. The logs above can help with debugging the issue.
Nov 03 10:19:44.14
GET
500
rail-serve-8rcl12lg9-test746746-2729s-projects.vercel.app
/
INFO:root:Instance directory ready: /var/task/instance ERROR:root:Cannot create/write to SQLite database: [Errno 30] Read-only file system: '/var/task/instance/local_railway.db' ERROR:root:Filesystem may be read-only. PostgreSQL is required for this environment. Traceback (most recent call last): File "/var/task/src/app.py", line 48, in setup_sqlite_database with open(db_path, 'a'): ^^^^^^^^^^^^^^^^^^ OSError: [Errno 30] Read-only file system: '/var/task/instance/local_railway.db' During handling of the above exception, another exception occurred: Traceback (most recent call last): File "/var/task/vc__handler__python.py", line 38, in <module> __vc_spec.loader.exec_module(__vc_module) File "<frozen importlib._bootstrap_external>", line 999, in exec_module File "<frozen importlib._bootstrap>", line 488, in _call_with_frames_removed File "/var/task/main.py", line 18, in <module> from src.app import app, db File "/var/task/src/app.py", line 80, in <module> database_url = setup_sqlite_database() ^^^^^^^^^^^^^^^^^^^^^^^ File "/var/task/src/app.py", line 56, in setup_sqlite_database raise RuntimeError(f"Cannot setup writable SQLite database: {e}. Please configure DATABASE_URL with PostgreSQL.") RuntimeError: Cannot setup writable SQLite database: [Errno 30] Read-only file system: '/var/task/instance/local_railway.db'. Please configure DATABASE_URL with PostgreSQL. Python process exited with exit status: 1. The logs above can help with debugging the issue. INFO:root:Instance directory ready: /var/task/instance ERROR:root:Cannot create/write to SQLite database: [Errno 30] Read-only file system: '/var/task/instance/local_railway.db' ERROR:root:Filesystem may be read-only. PostgreSQL is required for this environment. Traceback (most recent call last): File "/var/task/src/app.py", line 48, in setup_sqlite_database with open(db_path, 'a'): ^^^^^^^^^^^^^^^^^^ OSError: [Errno 30] Read-only file system: '/var/task/instance/local_railway.db' During handling of the above exception, another exception occurred: Traceback (most recent call last): File "/var/task/vc__handler__python.py", line 38, in <module> __vc_spec.loader.exec_module(__vc_module) File "<frozen importlib._bootstrap_external>", line 999, in exec_module File "<frozen importlib._bootstrap>", line 488, in _call_with_frames_removed File "/var/task/main.py", line 18, in <module> from src.app import app, db File "/var/task/src/app.py", line 80, in <module> database_url = setup_sqlite_database() ^^^^^^^^^^^^^^^^^^^^^^^ File "/var/task/src/app.py", line 56, in setup_sqlite_database raise RuntimeError(f"Cannot setup writable SQLite database: {e}. Please configure DATABASE_URL with PostgreSQL.") RuntimeError: Cannot setup writable SQLite database: [Errno 30] Read-only file system: '/var/task/instance/local_railway.db'. Please configure DATABASE_URL with PostgreSQL. Python process exited with exit status: 1. The logs above can help with debugging the issue.
Nov 03 10:19:44.10
GET
500
rail-serve-8rcl12lg9-test746746-2729s-projects.vercel.app
/
INFO:root:Instance directory ready: /var/task/instance ERROR:root:Cannot create/write to SQLite database: [Errno 30] Read-only file system: '/var/task/instance/local_railway.db' ERROR:root:Filesystem may be read-only. PostgreSQL is required for this environment. Traceback (most recent call last): File "/var/task/src/app.py", line 48, in setup_sqlite_database with open(db_path, 'a'): ^^^^^^^^^^^^^^^^^^ OSError: [Errno 30] Read-only file system: '/var/task/instance/local_railway.db' During handling of the above exception, another exception occurred: Traceback (most recent call last): File "/var/task/vc__handler__python.py", line 38, in <module> __vc_spec.loader.exec_module(__vc_module) File "<frozen importlib._bootstrap_external>", line 999, in exec_module File "<frozen importlib._bootstrap>", line 488, in _call_with_frames_removed File "/var/task/main.py", line 18, in <module> from src.app import app, db File "/var/task/src/app.py", line 80, in <module> database_url = setup_sqlite_database() ^^^^^^^^^^^^^^^^^^^^^^^ File "/var/task/src/app.py", line 56, in setup_sqlite_database raise RuntimeError(f"Cannot setup writable SQLite database: {e}. Please configure DATABASE_URL with PostgreSQL.") RuntimeError: Cannot setup writable SQLite database: [Errno 30] Read-only file system: '/var/task/instance/local_railway.db'. Please configure DATABASE_URL with PostgreSQL. Python process exited with exit status: 1. The logs above can help with debugging the issue. INFO:root:Instance directory ready: /var/task/instance ERROR:root:Cannot create/write to SQLite database: [Errno 30] Read-only file system: '/var/task/instance/local_railway.db' ERROR:root:Filesystem may be read-only. PostgreSQL is required for this environment. Traceback (most recent call last): File "/var/task/src/app.py", line 48, in setup_sqlite_database with open(db_path, 'a'): ^^^^^^^^^^^^^^^^^^ OSError: [Errno 30] Read-only file system: '/var/task/instance/local_railway.db' During handling of the above exception, another exception occurred: Traceback (most recent call last): File "/var/task/vc__handler__python.py", line 38, in <module> __vc_spec.loader.exec_module(__vc_module) File "<frozen importlib._bootstrap_external>", line 999, in exec_module File "<frozen importlib._bootstrap>", line 488, in _call_with_frames_removed File "/var/task/main.py", line 18, in <module> from src.app import app, db File "/var/task/src/app.py", line 80, in <module> database_url = setup_sqlite_database() ^^^^^^^^^^^^^^^^^^^^^^^ File "/var/task/src/app.py", line 56, in setup_sqlite_database raise RuntimeError(f"Cannot setup writable SQLite database: {e}. Please configure DATABASE_URL with PostgreSQL.") RuntimeError: Cannot setup writable SQLite database: [Errno 30] Read-only file system: '/var/task/instance/local_railway.db'. Please configure DATABASE_URL with PostgreSQL. Python process exited with exit status: 1. The logs above can help with debugging the issue.
No more logs to show within selected timeline